4 nov 2016 01:34:50 - [Test.Cart]: Start Test in Dx.com
4 nov 2016 01:34:50 - [Test.Cart]: Start Test in Dx.com
4 nov 2016 01:35:00 - [Log.screenshot]: Sucess screenshot
4 nov 2016 01:35:00 - [Test.cart]: Open Page: DealeXtreme - Cool Gadgets at the Right Price - DX Free Shipping Worldwide
4 nov 2016 01:35:00 - [Test.cart]: Start Verify Page Component
4 nov 2016 01:35:00 - [Page.verifyComponent]: Verify Page: DealeXtreme - Cool Gadgets at the Right Price - DX Free Shipping Worldwide
4 nov 2016 01:35:00 - [Log.screenshot]: Sucess screenshot
4 nov 2016 01:35:00 - [Test.cart]: Open Page: DealeXtreme - Cool Gadgets at the Right Price - DX Free Shipping Worldwide
4 nov 2016 01:35:00 - [Test.cart]: Start Verify Page Component
4 nov 2016 01:35:00 - [Page.verifyComponent]: Verify Page: DealeXtreme - Cool Gadgets at the Right Price - DX Free Shipping Worldwide
4 nov 2016 01:35:00 - [Page.verifyComponent]: Component Txt Keyword: OK!
4 nov 2016 01:35:00 - [Page.verifyComponent]: Component Txt Keyword: OK!
4 nov 2016 01:35:00 - [Page.verifyComponent]: Component Search: OK!
4 nov 2016 01:35:00 - [Page.verifyComponent]: Component Search: OK!
4 nov 2016 01:35:00 - [Page.verifyComponent]: Component Login: OK!
4 nov 2016 01:35:00 - [Page.verifyComponent]: Component Login: OK!
4 nov 2016 01:35:01 - [Page.verifyComponent]: Component Register: OK!
4 nov 2016 01:35:01 - [Page.verifyComponent]: Component Register: OK!
4 nov 2016 01:35:01 - [Page.verifyComponent]: Component Cart: OK!
4 nov 2016 01:35:01 - [Page.verifyComponent]: Component Cart: OK!
4 nov 2016 01:35:01 - [Page.verifyComponent]: Component Username: OK!
4 nov 2016 01:35:01 - [Page.verifyComponent]: Component Username: OK!
4 nov 2016 01:35:01 - [Page.verifyComponent]: Component Logout: FAIL!
4 nov 2016 01:35:01 - [Page.verifyComponent]: Component Logout: FAIL!
4 nov 2016 01:35:04 - [Test.cart]: Open Page: DX Account Login
4 nov 2016 01:35:04 - [Test.cart]: Open Page: DX Account Login
4 nov 2016 01:35:04 - [Login.signIn]: Open Page, title is: DX Account Login
4 nov 2016 01:35:04 - [Page.verifyComponent]: Verify Page: DX Account Login
4 nov 2016 01:35:04 - [Login.signIn]: Open Page, title is: DX Account Login
4 nov 2016 01:35:04 - [Page.verifyComponent]: Verify Page: DX Account Login
4 nov 2016 01:35:04 - [Page.verifyComponent]: Component Email: OK!
4 nov 2016 01:35:04 - [Page.verifyComponent]: Component Email: OK!
4 nov 2016 01:35:04 - [Page.verifyComponent]: Component Password: OK!
4 nov 2016 01:35:04 - [Page.verifyComponent]: Component Password: OK!
4 nov 2016 01:35:04 - [Page.verifyComponent]: Component Sign In: OK!
4 nov 2016 01:35:04 - [Login.signIn]: Login...
4 nov 2016 01:35:04 - [Page.verifyComponent]: Component Sign In: OK!
4 nov 2016 01:35:04 - [Login.signIn]: Login...
4 nov 2016 01:35:22 - [Log.screenshot]: Sucess screenshot
4 nov 2016 01:35:22 - [Log.screenshot]: Sucess screenshot
4 nov 2016 01:35:23 - [Login.signIn]: Username: jogol@bol.com.br Password: teste123-
4 nov 2016 01:35:23 - [Login.verifyLogin]: Login Success!
4 nov 2016 01:35:23 - [Page.verifyComponent]: Verify Page: 503 Service Temporarily Unavailable
4 nov 2016 01:35:23 - [Page.verifyComponent]: Component Txt Keyword: FAIL!
4 nov 2016 01:35:23 - [Page.verifyComponent]: Component Search: FAIL!
4 nov 2016 01:35:23 - [Page.verifyComponent]: Component Login: FAIL!
4 nov 2016 01:35:23 - [Page.verifyComponent]: Component Register: FAIL!
4 nov 2016 01:35:23 - [Page.verifyComponent]: Component Cart: FAIL!
4 nov 2016 01:35:23 - [Page.verifyComponent]: Component Username: FAIL!
4 nov 2016 01:35:23 - [Page.verifyComponent]: Component Logout: FAIL!
4 nov 2016 01:35:25 - [Login.signIn]: Username: jogol@bol.com.br Password: teste123-
4 nov 2016 01:35:26 - [Login.verifyLogin]: Login Success!
4 nov 2016 01:35:26 - [Page.verifyComponent]: Verify Page: DealeXtreme - Cool Gadgets at the Right Price - DX Free Shipping Worldwide
4 nov 2016 01:35:26 - [Page.verifyComponent]: Component Txt Keyword: OK!
4 nov 2016 01:35:26 - [Page.verifyComponent]: Component Search: OK!
4 nov 2016 01:35:26 - [Page.verifyComponent]: Component Login: FAIL!
4 nov 2016 01:35:26 - [Page.verifyComponent]: Component Register: FAIL!
4 nov 2016 01:35:26 - [Page.verifyComponent]: Component Cart: OK!
4 nov 2016 01:35:26 - [Page.verifyComponent]: Component Username: OK!
4 nov 2016 01:35:26 - [Page.verifyComponent]: Component Logout: OK!
4 nov 2016 01:35:26 - [Log.screenshot]: Sucess screenshot
4 nov 2016 01:35:29 - [Log.screenshot]: Sucess screenshot
4 nov 2016 01:35:29 - [Product.openProduct]: Open Product: Xiaomi Mi Band 2 Smart Wristband w/ 0.42" OLED Touch Screen - Black
4 nov 2016 01:35:30 - [Log.screenshot]: Sucess screenshot
4 nov 2016 01:35:30 - [Log.screenshot]: Sucess screenshot
4 nov 2016 01:35:30 - [Test.cart]: Switch page
4 nov 2016 01:35:30 - [Test.cart]: Close Page: Xiaomi - Free Shipping - DX
4 nov 2016 01:35:32 - [Test.cart]: Open Page: 
4 nov 2016 01:35:45 - [Test.Cart]: Start Test in Dx.com
4 nov 2016 01:35:55 - [Log.screenshot]: Sucess screenshot
4 nov 2016 01:35:55 - [Test.cart]: Open Page: DealeXtreme - Cool Gadgets at the Right Price - DX Free Shipping Worldwide
4 nov 2016 01:35:55 - [Test.cart]: Start Verify Page Component
4 nov 2016 01:35:55 - [Page.verifyComponent]: Verify Page: DealeXtreme - Cool Gadgets at the Right Price - DX Free Shipping Worldwide
4 nov 2016 01:35:55 - [Page.verifyComponent]: Component Txt Keyword: OK!
4 nov 2016 01:35:55 - [Page.verifyComponent]: Component Search: OK!
4 nov 2016 01:35:55 - [Page.verifyComponent]: Component Login: OK!
4 nov 2016 01:35:55 - [Page.verifyComponent]: Component Register: OK!
4 nov 2016 01:35:55 - [Page.verifyComponent]: Component Cart: OK!
4 nov 2016 01:35:55 - [Page.verifyComponent]: Component Username: OK!
4 nov 2016 01:35:55 - [Page.verifyComponent]: Component Logout: FAIL!
4 nov 2016 01:35:57 - [Test.cart]: Open Page: DX Account Login
4 nov 2016 01:35:57 - [Login.signIn]: Open Page, title is: DX Account Login
4 nov 2016 01:35:57 - [Page.verifyComponent]: Verify Page: DX Account Login
4 nov 2016 01:35:57 - [Page.verifyComponent]: Component Email: OK!
4 nov 2016 01:35:57 - [Page.verifyComponent]: Component Password: OK!
4 nov 2016 01:35:57 - [Page.verifyComponent]: Component Sign In: OK!
4 nov 2016 01:35:57 - [Login.signIn]: Login...
4 nov 2016 01:35:58 - [Log.screenshot]: Sucess screenshot
4 nov 2016 01:36:00 - [Login.signIn]: Username: jogol@bol.com.br Password: teste123-
4 nov 2016 01:36:00 - [Login.verifyLogin]: Login Success!
4 nov 2016 01:36:00 - [Page.verifyComponent]: Verify Page: DealeXtreme - Cool Gadgets at the Right Price - DX Free Shipping Worldwide
4 nov 2016 01:36:00 - [Page.verifyComponent]: Component Txt Keyword: OK!
4 nov 2016 01:36:00 - [Page.verifyComponent]: Component Search: OK!
4 nov 2016 01:36:00 - [Page.verifyComponent]: Component Login: FAIL!
4 nov 2016 01:36:00 - [Page.verifyComponent]: Component Register: FAIL!
4 nov 2016 01:36:00 - [Page.verifyComponent]: Component Cart: OK!
4 nov 2016 01:36:00 - [Page.verifyComponent]: Component Username: OK!
4 nov 2016 01:36:00 - [Page.verifyComponent]: Component Logout: OK!
4 nov 2016 01:36:01 - [Log.screenshot]: Sucess screenshot
4 nov 2016 01:36:04 - [Log.screenshot]: Sucess screenshot
4 nov 2016 01:36:04 - [Product.openProduct]: Open Product: Xiaomi Mi Band 2 Smart Wristband w/ 0.42" OLED Touch Screen - Black
4 nov 2016 01:36:04 - [Log.screenshot]: Sucess screenshot
4 nov 2016 01:36:05 - [Log.screenshot]: Sucess screenshot
4 nov 2016 01:36:05 - [Test.cart]: Switch page
4 nov 2016 01:36:05 - [Test.cart]: Close Page: Xiaomi - Free Shipping - DX
4 nov 2016 01:36:09 - [Test.cart]: Open Page: Xiaomi Mi Band 2 Smart Wristband w/ 0.42" OLED Touch Screen - Black - Free Shipping - DealExtreme
4 nov 2016 01:36:09 - [Product.getDescription]: Name Product: Xiaomi Mi Band 2 Smart Wristband w/ 0.42" OLED Touch Screen - Black
4 nov 2016 01:36:09 - [Product.addCart]: Add product to cart
4 nov 2016 01:36:09 - [Log.screenshot]: Sucess screenshot
4 nov 2016 01:36:09 - [Page.verifyComponent]: Verify Page, Component: Xiaomi Mi Band 2 Smart Wristband w/ 0.42" OLED Touch Screen - Black - Free Shipping - DealExtreme
4 nov 2016 01:36:09 - [Page.verifyComponent]: XPATh: .//*[@id='detailAddToCartPanel']/div/div/span Component: Error add product: FAIL!
4 nov 2016 01:36:09 - [Product.getDescription]: Name Product: Xiaomi Mi Band 2 Smart Wristband w/ 0.42" OLED Touch Screen - Black
4 nov 2016 01:36:09 - [Product.getPrice]: Price: 100.15
4 nov 2016 01:36:10 - [Product.getPrice]: Last Price: 178.37
4 nov 2016 01:36:10 - [Product.getPrice]: Price Off: 44%
4 nov 2016 01:36:10 - [Product.getPrice]: More $0.26280212
4 nov 2016 01:36:10 - [Log.screenshot]: Sucess screenshot
4 nov 2016 01:36:13 - [Log.screenshot]: Sucess screenshot
4 nov 2016 01:36:13 - [Product.openProduct]: Open Product: Underwater Photography Full Body Case for IPHONE 6 / IPHONE 6S - Black
4 nov 2016 01:36:14 - [Log.screenshot]: Sucess screenshot
4 nov 2016 01:36:14 - [Log.screenshot]: Sucess screenshot
4 nov 2016 01:36:14 - [Test.cart]: Switch page
4 nov 2016 01:36:14 - [Test.cart]: Close Page: Iphone - Free Shipping - DX
4 nov 2016 01:36:15 - [Test.cart]: Open Page: Underwater Photography Full Body Case for IPHONE 6 / IPHONE 6S - Black - Free Shipping - DealExtreme
4 nov 2016 01:36:17 - [Product.getDescription]: Name Product: Underwater Photography Full Body Case for IPHONE 6 / IPHONE 6S - Black
4 nov 2016 01:36:17 - [Product.addCart]: Add product to cart
4 nov 2016 01:36:18 - [Log.screenshot]: Sucess screenshot
4 nov 2016 01:36:18 - [Page.verifyComponent]: Verify Page, Component: Underwater Photography Full Body Case for IPHONE 6 / IPHONE 6S - Black - Free Shipping - DealExtreme
4 nov 2016 01:36:18 - [Page.verifyComponent]: XPATh: .//*[@id='detailAddToCartPanel']/div/div/span Component: Error add product: FAIL!
4 nov 2016 01:36:18 - [Product.getDescription]: Name Product: Underwater Photography Full Body Case for IPHONE 6 / IPHONE 6S - Black
4 nov 2016 01:36:18 - [Product.getPrice]: Price: 77.71
4 nov 2016 01:36:18 - [Product.getPrice]: Last Price: 106.30
4 nov 2016 01:36:18 - [Product.getPrice]: Price Off: 27%
4 nov 2016 01:36:18 - [Product.getPrice]: More $0.11100006
4 nov 2016 01:36:21 - [Test.cart]: Open Page: Shopping Cart - DX
4 nov 2016 01:36:21 - [Log.screenshot]: Sucess screenshot
4 nov 2016 01:36:22 - [Page.verifyComponent]: Verify Page: Shopping Cart - DX
4 nov 2016 01:36:22 - [Page.verifyComponent]: Component Continue Shopping: OK!
4 nov 2016 01:36:22 - [Page.verifyComponent]: Component Checkout: OK!
4 nov 2016 01:36:22 - [Page.verifyComponent]: Component PayPal: OK!
4 nov 2016 01:36:22 - [Test.cart]: Cart price total OK. 177.86 = 177.86
4 nov 2016 01:36:22 - [Test.cart]: Cart price total OK. 177.86 = 0.0
4 nov 2016 01:36:23 - [Test.wishList]: Start Test in Dx.com
4 nov 2016 01:36:32 - [Test.wishList]: Open Page: DealeXtreme - Cool Gadgets at the Right Price - DX Free Shipping Worldwide
4 nov 2016 01:36:32 - [Test.wishList]: Start Verify Page Component
4 nov 2016 01:36:32 - [Page.verifyComponent]: Verify Page: DealeXtreme - Cool Gadgets at the Right Price - DX Free Shipping Worldwide
4 nov 2016 01:36:32 - [Page.verifyComponent]: Component Txt Keyword: OK!
4 nov 2016 01:36:32 - [Page.verifyComponent]: Component Search: OK!
4 nov 2016 01:36:32 - [Page.verifyComponent]: Component Login: OK!
4 nov 2016 01:36:32 - [Page.verifyComponent]: Component Register: OK!
4 nov 2016 01:36:32 - [Page.verifyComponent]: Component Cart: OK!
4 nov 2016 01:36:32 - [Page.verifyComponent]: Component Username: OK!
4 nov 2016 01:36:32 - [Page.verifyComponent]: Component Logout: FAIL!
4 nov 2016 01:36:34 - [Test.wishList]: Open Page: DX Account Login
4 nov 2016 01:36:34 - [Login.signIn]: Open Page, title is: DX Account Login
4 nov 2016 01:36:34 - [Page.verifyComponent]: Verify Page: DX Account Login
4 nov 2016 01:36:34 - [Page.verifyComponent]: Component Email: OK!
4 nov 2016 01:36:34 - [Page.verifyComponent]: Component Password: OK!
4 nov 2016 01:36:34 - [Page.verifyComponent]: Component Sign In: OK!
4 nov 2016 01:36:34 - [Login.signIn]: Login...
4 nov 2016 01:36:35 - [Log.screenshot]: Sucess screenshot
4 nov 2016 01:36:38 - [Login.signIn]: Username: jogol@bol.com.br Password: teste123-
4 nov 2016 01:36:38 - [Login.verifyLogin]: Login Success!
4 nov 2016 01:36:38 - [Page.verifyComponent]: Verify Page: DealeXtreme - Cool Gadgets at the Right Price - DX Free Shipping Worldwide
4 nov 2016 01:36:38 - [Page.verifyComponent]: Component Txt Keyword: OK!
4 nov 2016 01:36:38 - [Page.verifyComponent]: Component Search: OK!
4 nov 2016 01:36:38 - [Page.verifyComponent]: Component Login: FAIL!
4 nov 2016 01:36:38 - [Page.verifyComponent]: Component Register: FAIL!
4 nov 2016 01:36:38 - [Page.verifyComponent]: Component Cart: OK!
4 nov 2016 01:36:38 - [Page.verifyComponent]: Component Username: OK!
4 nov 2016 01:36:38 - [Page.verifyComponent]: Component Logout: OK!
4 nov 2016 01:36:39 - [Log.screenshot]: Sucess screenshot
4 nov 2016 01:36:41 - [Product.openProduct]: Open Product: Xiaomi Mi Band 2 Smart Wristband w/ 0.42" OLED Touch Screen - Black
4 nov 2016 01:36:42 - [Log.screenshot]: Sucess screenshot
4 nov 2016 01:36:42 - [Test.wishList]: Switch page
4 nov 2016 01:36:42 - [Test.wishList]: Close Page: Xiaomi - Free Shipping - DX
4 nov 2016 01:36:46 - [Test.wishList]: Open Page: Xiaomi Mi Band 2 Smart Wristband w/ 0.42" OLED Touch Screen - Black - Free Shipping - DealExtreme
4 nov 2016 01:36:46 - [Product.getDescription]: Name Product: Xiaomi Mi Band 2 Smart Wristband w/ 0.42" OLED Touch Screen - Black
4 nov 2016 01:36:46 - [Product.addList]: Add product to list
4 nov 2016 01:36:46 - [Log.screenshot]: Sucess screenshot
4 nov 2016 01:36:48 - [Product.getDescription]: Name Product: Xiaomi Mi Band 2 Smart Wristband w/ 0.42" OLED Touch Screen - Black
4 nov 2016 01:36:49 - [Log.screenshot]: Sucess screenshot
4 nov 2016 01:36:52 - [Product.openProduct]: Open Product: Underwater Photography Full Body Case for IPHONE 6 / IPHONE 6S - Black
4 nov 2016 01:36:52 - [Log.screenshot]: Sucess screenshot
4 nov 2016 01:36:52 - [Test.wishList]: Switch page
4 nov 2016 01:36:52 - [Test.wishList]: Close Page: Iphone - Free Shipping - DX
4 nov 2016 01:36:54 - [Test.wishList]: Open Page: Underwater Photography Full Body Case for IPHONE 6 / IPHONE 6S - Black - Free Shipping - DealExtreme
4 nov 2016 01:36:56 - [Product.getDescription]: Name Product: Underwater Photography Full Body Case for IPHONE 6 / IPHONE 6S - Black
4 nov 2016 01:36:56 - [Product.addList]: Add product to list
4 nov 2016 01:36:56 - [Log.screenshot]: Sucess screenshot
4 nov 2016 01:36:57 - [Product.getDescription]: Name Product: Underwater Photography Full Body Case for IPHONE 6 / IPHONE 6S - Black
4 nov 2016 01:36:57 - [Log.screenshot]: Sucess screenshot
4 nov 2016 01:36:59 - [Product.openProduct]: Open Product: Motorola VerveOnes Earbuds - Black
4 nov 2016 01:36:59 - [Log.screenshot]: Sucess screenshot
4 nov 2016 01:37:00 - [Test.wishList]: Switch page
4 nov 2016 01:37:00 - [Test.wishList]: Close Page: Motorola - Free Shipping - DX
4 nov 2016 01:37:01 - [Test.wishList]: Open Page: Motorola VerveOnes Earbuds - Black - Free Shipping - DealExtreme
4 nov 2016 01:37:01 - [Product.getDescription]: Name Product: Motorola VerveOnes Earbuds - Black
4 nov 2016 01:37:01 - [Product.addList]: Add product to list
4 nov 2016 01:37:02 - [Log.screenshot]: Sucess screenshot
4 nov 2016 01:37:03 - [Product.getDescription]: Name Product: Motorola VerveOnes Earbuds - Black
4 nov 2016 01:37:04 - [Log.screenshot]: Sucess screenshot
4 nov 2016 01:39:03 - [Test.Cart]: Start Test in Dx.com
4 nov 2016 01:39:12 - [Log.screenshot]: Sucess screenshot
4 nov 2016 01:39:12 - [Test.cart]: Open Page: DealeXtreme - Cool Gadgets at the Right Price - DX Free Shipping Worldwide
4 nov 2016 01:39:12 - [Test.cart]: Start Verify Page Component
4 nov 2016 01:39:12 - [Page.verifyComponent]: Verify Page: DealeXtreme - Cool Gadgets at the Right Price - DX Free Shipping Worldwide
4 nov 2016 01:39:12 - [Page.verifyComponent]: Component Txt Keyword: OK!
4 nov 2016 01:39:12 - [Page.verifyComponent]: Component Search: OK!
4 nov 2016 01:39:12 - [Page.verifyComponent]: Component Login: OK!
4 nov 2016 01:39:12 - [Page.verifyComponent]: Component Register: OK!
4 nov 2016 01:39:12 - [Page.verifyComponent]: Component Cart: OK!
4 nov 2016 01:39:12 - [Page.verifyComponent]: Component Username: OK!
4 nov 2016 01:39:12 - [Page.verifyComponent]: Component Logout: FAIL!
4 nov 2016 01:39:15 - [Test.cart]: Open Page: DX Account Login
4 nov 2016 01:39:15 - [Login.signIn]: Open Page, title is: DX Account Login
4 nov 2016 01:39:15 - [Page.verifyComponent]: Verify Page: DX Account Login
4 nov 2016 01:39:15 - [Page.verifyComponent]: Component Email: OK!
4 nov 2016 01:39:15 - [Page.verifyComponent]: Component Password: OK!
4 nov 2016 01:39:15 - [Page.verifyComponent]: Component Sign In: OK!
4 nov 2016 01:39:15 - [Login.signIn]: Login...
4 nov 2016 01:39:15 - [Log.screenshot]: Sucess screenshot
4 nov 2016 01:39:19 - [Login.signIn]: Username: jogol@bol.com.br Password: teste123-
4 nov 2016 01:39:19 - [Login.verifyLogin]: Login Success!
4 nov 2016 01:39:19 - [Page.verifyComponent]: Verify Page: DealeXtreme - Cool Gadgets at the Right Price - DX Free Shipping Worldwide
4 nov 2016 01:39:19 - [Page.verifyComponent]: Component Txt Keyword: OK!
4 nov 2016 01:39:19 - [Page.verifyComponent]: Component Search: OK!
4 nov 2016 01:39:19 - [Page.verifyComponent]: Component Login: FAIL!
4 nov 2016 01:39:19 - [Page.verifyComponent]: Component Register: FAIL!
4 nov 2016 01:39:19 - [Page.verifyComponent]: Component Cart: OK!
4 nov 2016 01:39:19 - [Page.verifyComponent]: Component Username: OK!
4 nov 2016 01:39:19 - [Page.verifyComponent]: Component Logout: OK!
4 nov 2016 01:39:19 - [Log.screenshot]: Sucess screenshot
4 nov 2016 01:39:22 - [Log.screenshot]: Sucess screenshot
4 nov 2016 01:39:22 - [Product.openProduct]: Open Product: Xiaomi Mi Band 2 Smart Wristband w/ 0.42" OLED Touch Screen - Black
4 nov 2016 01:39:23 - [Log.screenshot]: Sucess screenshot
4 nov 2016 01:39:23 - [Log.screenshot]: Sucess screenshot
4 nov 2016 01:39:23 - [Test.cart]: Switch page
4 nov 2016 01:39:23 - [Test.cart]: Close Page: Xiaomi - Free Shipping - DX
4 nov 2016 01:39:28 - [Test.cart]: Open Page: Xiaomi Mi Band 2 Smart Wristband w/ 0.42" OLED Touch Screen - Black - Free Shipping - DealExtreme
4 nov 2016 01:39:28 - [Product.getDescription]: Name Product: Xiaomi Mi Band 2 Smart Wristband w/ 0.42" OLED Touch Screen - Black
4 nov 2016 01:39:28 - [Product.addCart]: Add product to cart
4 nov 2016 01:39:28 - [Log.screenshot]: Sucess screenshot
4 nov 2016 01:39:28 - [Page.verifyComponent]: Verify Page, Component: Xiaomi Mi Band 2 Smart Wristband w/ 0.42" OLED Touch Screen - Black - Free Shipping - DealExtreme
4 nov 2016 01:39:28 - [Page.verifyComponent]: XPATh: .//*[@id='detailAddToCartPanel']/div/div/span Component: Error add product: FAIL!
4 nov 2016 01:39:28 - [Product.getDescription]: Name Product: Xiaomi Mi Band 2 Smart Wristband w/ 0.42" OLED Touch Screen - Black
4 nov 2016 01:39:28 - [Product.getPrice]: Price: 100.15
4 nov 2016 01:39:28 - [Product.getPrice]: Last Price: 178.37
4 nov 2016 01:39:28 - [Product.getPrice]: Price Off: 44%
4 nov 2016 01:39:28 - [Product.getPrice]: More $0.26280212
4 nov 2016 01:39:28 - [Log.screenshot]: Sucess screenshot
4 nov 2016 01:39:32 - [Log.screenshot]: Sucess screenshot
4 nov 2016 01:39:32 - [Product.openProduct]: Open Product: Underwater Photography Full Body Case for IPHONE 6 / IPHONE 6S - Black
4 nov 2016 01:39:32 - [Log.screenshot]: Sucess screenshot
4 nov 2016 01:39:32 - [Log.screenshot]: Sucess screenshot
4 nov 2016 01:39:32 - [Test.cart]: Switch page
4 nov 2016 01:39:32 - [Test.cart]: Close Page: Iphone - Free Shipping - DX
4 nov 2016 01:39:34 - [Test.cart]: Open Page: Underwater Photography Full Body Case for IPHONE 6 / IPHONE 6S - Black - Free Shipping - DealExtreme
4 nov 2016 01:39:36 - [Product.getDescription]: Name Product: Underwater Photography Full Body Case for IPHONE 6 / IPHONE 6S - Black
4 nov 2016 01:39:36 - [Product.addCart]: Add product to cart
4 nov 2016 01:39:36 - [Log.screenshot]: Sucess screenshot
4 nov 2016 01:39:37 - [Page.verifyComponent]: Verify Page, Component: Underwater Photography Full Body Case for IPHONE 6 / IPHONE 6S - Black - Free Shipping - DealExtreme
4 nov 2016 01:39:37 - [Page.verifyComponent]: XPATh: .//*[@id='detailAddToCartPanel']/div/div/span Component: Error add product: FAIL!
4 nov 2016 01:39:37 - [Product.getDescription]: Name Product: Underwater Photography Full Body Case for IPHONE 6 / IPHONE 6S - Black
4 nov 2016 01:39:37 - [Product.getPrice]: Price: 77.71
4 nov 2016 01:39:37 - [Product.getPrice]: Last Price: 106.30
4 nov 2016 01:39:37 - [Product.getPrice]: Price Off: 27%
4 nov 2016 01:39:37 - [Product.getPrice]: More $0.11100006
4 nov 2016 01:39:40 - [Test.cart]: Open Page: Shopping Cart - DX
4 nov 2016 01:39:40 - [Log.screenshot]: Sucess screenshot
4 nov 2016 01:39:40 - [Page.verifyComponent]: Verify Page: Shopping Cart - DX
4 nov 2016 01:39:40 - [Page.verifyComponent]: Component Continue Shopping: OK!
4 nov 2016 01:39:41 - [Page.verifyComponent]: Component Checkout: OK!
4 nov 2016 01:39:41 - [Page.verifyComponent]: Component PayPal: OK!
4 nov 2016 01:39:41 - [Test.cart]: Cart price total OK. 177.86 = 177.86
4 nov 2016 01:39:41 - [Test.cart]: Runtime38.328
4 nov 2016 01:39:42 - [Test.wishList]: Start Test in Dx.com
4 nov 2016 01:39:51 - [Test.wishList]: Open Page: DealeXtreme - Cool Gadgets at the Right Price - DX Free Shipping Worldwide
4 nov 2016 01:39:51 - [Test.wishList]: Start Verify Page Component
4 nov 2016 01:39:51 - [Page.verifyComponent]: Verify Page: DealeXtreme - Cool Gadgets at the Right Price - DX Free Shipping Worldwide
4 nov 2016 01:39:51 - [Page.verifyComponent]: Component Txt Keyword: OK!
4 nov 2016 01:39:51 - [Page.verifyComponent]: Component Search: OK!
4 nov 2016 01:39:51 - [Page.verifyComponent]: Component Login: OK!
4 nov 2016 01:39:51 - [Page.verifyComponent]: Component Register: OK!
4 nov 2016 01:39:51 - [Page.verifyComponent]: Component Cart: OK!
4 nov 2016 01:39:51 - [Page.verifyComponent]: Component Username: OK!
4 nov 2016 01:39:51 - [Page.verifyComponent]: Component Logout: FAIL!
4 nov 2016 01:39:52 - [Test.wishList]: Open Page: 
4 nov 2016 01:41:54 - [Test.Cart]: Start Test in Dx.com
4 nov 2016 01:42:05 - [Log.screenshot]: Sucess screenshot
4 nov 2016 01:42:05 - [Test.cart]: Open Page: DealeXtreme - Cool Gadgets at the Right Price - DX Free Shipping Worldwide
4 nov 2016 01:42:05 - [Test.cart]: Start Verify Page Component
4 nov 2016 01:42:05 - [Page.verifyComponent]: Verify Page: DealeXtreme - Cool Gadgets at the Right Price - DX Free Shipping Worldwide
4 nov 2016 01:42:05 - [Page.verifyComponent]: Component Txt Keyword: OK!
4 nov 2016 01:42:05 - [Page.verifyComponent]: Component Search: OK!
4 nov 2016 01:42:05 - [Page.verifyComponent]: Component Login: OK!
4 nov 2016 01:42:05 - [Page.verifyComponent]: Component Register: OK!
4 nov 2016 01:42:05 - [Page.verifyComponent]: Component Cart: OK!
4 nov 2016 01:42:05 - [Page.verifyComponent]: Component Username: OK!
4 nov 2016 01:42:05 - [Page.verifyComponent]: Component Logout: FAIL!
4 nov 2016 01:42:08 - [Test.cart]: Open Page: DX Account Login
4 nov 2016 01:42:08 - [Login.signIn]: Open Page, title is: DX Account Login
4 nov 2016 01:42:08 - [Page.verifyComponent]: Verify Page: DX Account Login
4 nov 2016 01:42:08 - [Page.verifyComponent]: Component Email: OK!
4 nov 2016 01:42:08 - [Page.verifyComponent]: Component Password: OK!
4 nov 2016 01:42:08 - [Page.verifyComponent]: Component Sign In: OK!
4 nov 2016 01:42:08 - [Login.signIn]: Login...
4 nov 2016 01:42:08 - [Log.screenshot]: Sucess screenshot
4 nov 2016 01:42:13 - [Login.signIn]: Username: jogol@bol.com.br Password: teste123-
4 nov 2016 01:42:13 - [Login.verifyLogin]: Login Success!
4 nov 2016 01:42:13 - [Page.verifyComponent]: Verify Page: DealeXtreme - Cool Gadgets at the Right Price - DX Free Shipping Worldwide
4 nov 2016 01:42:13 - [Page.verifyComponent]: Component Txt Keyword: OK!
4 nov 2016 01:42:13 - [Page.verifyComponent]: Component Search: OK!
4 nov 2016 01:42:13 - [Page.verifyComponent]: Component Login: FAIL!
4 nov 2016 01:42:13 - [Page.verifyComponent]: Component Register: FAIL!
4 nov 2016 01:42:13 - [Page.verifyComponent]: Component Cart: OK!
4 nov 2016 01:42:13 - [Page.verifyComponent]: Component Username: OK!
4 nov 2016 01:42:13 - [Page.verifyComponent]: Component Logout: OK!
4 nov 2016 01:42:14 - [Log.screenshot]: Sucess screenshot
4 nov 2016 01:42:17 - [Log.screenshot]: Sucess screenshot
4 nov 2016 01:42:17 - [Product.openProduct]: Open Product: Xiaomi Mi Band 2 Smart Wristband w/ 0.42" OLED Touch Screen - Black
4 nov 2016 01:42:17 - [Log.screenshot]: Sucess screenshot
4 nov 2016 01:42:18 - [Log.screenshot]: Sucess screenshot
4 nov 2016 01:42:18 - [Test.cart]: Switch page
4 nov 2016 01:42:18 - [Test.cart]: Close Page: Xiaomi - Free Shipping - DX
4 nov 2016 01:42:23 - [Test.cart]: Open Page: Xiaomi Mi Band 2 Smart Wristband w/ 0.42" OLED Touch Screen - Black - Free Shipping - DealExtreme
4 nov 2016 01:42:23 - [Product.getDescription]: Name Product: Xiaomi Mi Band 2 Smart Wristband w/ 0.42" OLED Touch Screen - Black
4 nov 2016 01:42:23 - [Product.addCart]: Add product to cart
4 nov 2016 01:42:23 - [Log.screenshot]: Sucess screenshot
4 nov 2016 01:42:23 - [Page.verifyComponent]: Verify Page, Component: Xiaomi Mi Band 2 Smart Wristband w/ 0.42" OLED Touch Screen - Black - Free Shipping - DealExtreme
4 nov 2016 01:42:23 - [Page.verifyComponent]: XPATh: .//*[@id='detailAddToCartPanel']/div/div/span Component: Error add product: FAIL!
4 nov 2016 01:42:23 - [Product.getDescription]: Name Product: Xiaomi Mi Band 2 Smart Wristband w/ 0.42" OLED Touch Screen - Black
4 nov 2016 01:42:23 - [Product.getPrice]: Price: 100.15
4 nov 2016 01:42:24 - [Product.getPrice]: Last Price: 178.37
4 nov 2016 01:42:24 - [Product.getPrice]: Price Off: 44%
4 nov 2016 01:42:24 - [Product.getPrice]: More $0.26280212
4 nov 2016 01:42:24 - [Log.screenshot]: Sucess screenshot
4 nov 2016 01:42:27 - [Log.screenshot]: Sucess screenshot
4 nov 2016 01:42:27 - [Product.openProduct]: Open Product: Underwater Photography Full Body Case for IPHONE 6 / IPHONE 6S - Black
4 nov 2016 01:42:27 - [Log.screenshot]: Sucess screenshot
4 nov 2016 01:42:28 - [Log.screenshot]: Sucess screenshot
4 nov 2016 01:42:28 - [Test.cart]: Switch page
4 nov 2016 01:42:28 - [Test.cart]: Close Page: Iphone - Free Shipping - DX
4 nov 2016 01:42:29 - [Test.cart]: Open Page: Underwater Photography Full Body Case for IPHONE 6 / IPHONE 6S - Black - Free Shipping - DealExtreme
4 nov 2016 01:42:31 - [Product.getDescription]: Name Product: Underwater Photography Full Body Case for IPHONE 6 / IPHONE 6S - Black
4 nov 2016 01:42:31 - [Product.addCart]: Add product to cart
4 nov 2016 01:42:32 - [Log.screenshot]: Sucess screenshot
4 nov 2016 01:42:32 - [Page.verifyComponent]: Verify Page, Component: Underwater Photography Full Body Case for IPHONE 6 / IPHONE 6S - Black - Free Shipping - DealExtreme
4 nov 2016 01:42:32 - [Page.verifyComponent]: XPATh: .//*[@id='detailAddToCartPanel']/div/div/span Component: Error add product: FAIL!
4 nov 2016 01:42:32 - [Product.getDescription]: Name Product: Underwater Photography Full Body Case for IPHONE 6 / IPHONE 6S - Black
4 nov 2016 01:42:32 - [Product.getPrice]: Price: 77.71
4 nov 2016 01:42:32 - [Product.getPrice]: Last Price: 106.30
4 nov 2016 01:42:32 - [Product.getPrice]: Price Off: 27%
4 nov 2016 01:42:32 - [Product.getPrice]: More $0.11100006
4 nov 2016 01:42:35 - [Test.cart]: Open Page: Shopping Cart - DX
4 nov 2016 01:42:35 - [Log.screenshot]: Sucess screenshot
4 nov 2016 01:42:35 - [Page.verifyComponent]: Verify Page: Shopping Cart - DX
4 nov 2016 01:42:35 - [Page.verifyComponent]: Component Continue Shopping: OK!
4 nov 2016 01:42:35 - [Page.verifyComponent]: Component Checkout: OK!
4 nov 2016 01:42:35 - [Page.verifyComponent]: Component PayPal: OK!
4 nov 2016 01:42:36 - [Test.cart]: Cart price total OK. 177.86 = 177.86
4 nov 2016 01:42:36 - [Test.cart]: Runtime41448
4 nov 2016 01:42:37 - [Test.wishList]: Start Test in Dx.com
4 nov 2016 01:42:46 - [Test.wishList]: Open Page: DealeXtreme - Cool Gadgets at the Right Price - DX Free Shipping Worldwide
4 nov 2016 01:42:46 - [Test.wishList]: Start Verify Page Component
4 nov 2016 01:42:46 - [Page.verifyComponent]: Verify Page: DealeXtreme - Cool Gadgets at the Right Price - DX Free Shipping Worldwide
4 nov 2016 01:42:46 - [Page.verifyComponent]: Component Txt Keyword: OK!
4 nov 2016 01:42:46 - [Page.verifyComponent]: Component Search: OK!
4 nov 2016 01:42:46 - [Page.verifyComponent]: Component Login: OK!
4 nov 2016 01:42:46 - [Page.verifyComponent]: Component Register: OK!
4 nov 2016 01:42:46 - [Page.verifyComponent]: Component Cart: OK!
4 nov 2016 01:42:46 - [Page.verifyComponent]: Component Username: OK!
4 nov 2016 01:42:46 - [Page.verifyComponent]: Component Logout: FAIL!
4 nov 2016 01:42:48 - [Test.wishList]: Open Page: DX Account Login
4 nov 2016 01:42:48 - [Login.signIn]: Open Page, title is: DX Account Login
4 nov 2016 01:42:48 - [Page.verifyComponent]: Verify Page: DX Account Login
4 nov 2016 01:42:48 - [Page.verifyComponent]: Component Email: OK!
4 nov 2016 01:42:48 - [Page.verifyComponent]: Component Password: OK!
4 nov 2016 01:42:48 - [Page.verifyComponent]: Component Sign In: OK!
4 nov 2016 01:42:48 - [Login.signIn]: Login...
4 nov 2016 01:42:48 - [Log.screenshot]: Sucess screenshot
4 nov 2016 01:42:51 - [Login.signIn]: Username: jogol@bol.com.br Password: teste123-
4 nov 2016 01:42:51 - [Login.verifyLogin]: Login Success!
4 nov 2016 01:42:51 - [Page.verifyComponent]: Verify Page: DealeXtreme - Cool Gadgets at the Right Price - DX Free Shipping Worldwide
4 nov 2016 01:42:51 - [Page.verifyComponent]: Component Txt Keyword: OK!
4 nov 2016 01:42:51 - [Page.verifyComponent]: Component Search: OK!
4 nov 2016 01:42:51 - [Page.verifyComponent]: Component Login: FAIL!
4 nov 2016 01:42:51 - [Page.verifyComponent]: Component Register: FAIL!
4 nov 2016 01:42:51 - [Page.verifyComponent]: Component Cart: OK!
4 nov 2016 01:42:51 - [Page.verifyComponent]: Component Username: OK!
4 nov 2016 01:42:51 - [Page.verifyComponent]: Component Logout: OK!
4 nov 2016 01:42:52 - [Log.screenshot]: Sucess screenshot
4 nov 2016 01:42:56 - [Product.openProduct]: Open Product: Xiaomi Mi Band 2 Smart Wristband w/ 0.42" OLED Touch Screen - Black
4 nov 2016 01:42:56 - [Log.screenshot]: Sucess screenshot
4 nov 2016 01:42:56 - [Test.wishList]: Switch page
4 nov 2016 01:42:56 - [Test.wishList]: Close Page: Xiaomi - Free Shipping - DX
4 nov 2016 01:43:01 - [Test.wishList]: Open Page: Xiaomi Mi Band 2 Smart Wristband w/ 0.42" OLED Touch Screen - Black - Free Shipping - DealExtreme
4 nov 2016 01:43:01 - [Product.getDescription]: Name Product: Xiaomi Mi Band 2 Smart Wristband w/ 0.42" OLED Touch Screen - Black
4 nov 2016 01:43:01 - [Product.addList]: Add product to list
4 nov 2016 01:43:01 - [Log.screenshot]: Sucess screenshot
4 nov 2016 01:43:04 - [Product.getDescription]: Name Product: Xiaomi Mi Band 2 Smart Wristband w/ 0.42" OLED Touch Screen - Black
4 nov 2016 01:43:05 - [Log.screenshot]: Sucess screenshot
4 nov 2016 01:44:35 - [Test.Cart]: Start Test in Dx.com
4 nov 2016 01:44:42 - [Test.Cart]: Start Test in Dx.com
4 nov 2016 01:44:45 - [Log.screenshot]: Sucess screenshot
4 nov 2016 01:44:45 - [Test.cart]: Open Page: DealeXtreme - Cool Gadgets at the Right Price - DX Free Shipping Worldwide
4 nov 2016 01:44:45 - [Test.cart]: Start Verify Page Component
4 nov 2016 01:44:45 - [Page.verifyComponent]: Verify Page: DealeXtreme - Cool Gadgets at the Right Price - DX Free Shipping Worldwide
4 nov 2016 01:44:45 - [Page.verifyComponent]: Component Txt Keyword: OK!
4 nov 2016 01:44:45 - [Page.verifyComponent]: Component Search: OK!
4 nov 2016 01:44:45 - [Page.verifyComponent]: Component Login: OK!
4 nov 2016 01:44:45 - [Page.verifyComponent]: Component Register: OK!
4 nov 2016 01:44:45 - [Page.verifyComponent]: Component Cart: OK!
4 nov 2016 01:44:45 - [Page.verifyComponent]: Component Username: OK!
4 nov 2016 01:44:45 - [Page.verifyComponent]: Component Logout: FAIL!
4 nov 2016 01:44:48 - [Test.cart]: Open Page: DX Account Login
4 nov 2016 01:44:48 - [Login.signIn]: Open Page, title is: DX Account Login
4 nov 2016 01:44:48 - [Page.verifyComponent]: Verify Page: DX Account Login
4 nov 2016 01:44:48 - [Page.verifyComponent]: Component Email: OK!
4 nov 2016 01:44:48 - [Page.verifyComponent]: Component Password: OK!
4 nov 2016 01:44:48 - [Page.verifyComponent]: Component Sign In: OK!
4 nov 2016 01:44:48 - [Login.signIn]: Login...
4 nov 2016 01:44:49 - [Log.screenshot]: Sucess screenshot
4 nov 2016 01:44:52 - [Log.screenshot]: Sucess screenshot
4 nov 2016 01:44:52 - [Test.cart]: Open Page: DealeXtreme - Cool Gadgets at the Right Price - DX Free Shipping Worldwide
4 nov 2016 01:44:52 - [Test.cart]: Start Verify Page Component
4 nov 2016 01:44:52 - [Page.verifyComponent]: Verify Page: DealeXtreme - Cool Gadgets at the Right Price - DX Free Shipping Worldwide
4 nov 2016 01:44:52 - [Page.verifyComponent]: Component Txt Keyword: OK!
4 nov 2016 01:44:52 - [Page.verifyComponent]: Component Search: OK!
4 nov 2016 01:44:52 - [Page.verifyComponent]: Component Login: OK!
4 nov 2016 01:44:52 - [Page.verifyComponent]: Component Register: OK!
4 nov 2016 01:44:52 - [Page.verifyComponent]: Component Cart: OK!
4 nov 2016 01:44:52 - [Page.verifyComponent]: Component Username: OK!
4 nov 2016 01:44:52 - [Page.verifyComponent]: Component Logout: FAIL!
4 nov 2016 01:44:53 - [Login.signIn]: Username: jogol@bol.com.br Password: teste123-
4 nov 2016 01:44:53 - [Login.verifyLogin]: Login Success!
4 nov 2016 01:44:53 - [Page.verifyComponent]: Verify Page: DealeXtreme - Cool Gadgets at the Right Price - DX Free Shipping Worldwide
4 nov 2016 01:44:53 - [Page.verifyComponent]: Component Txt Keyword: OK!
4 nov 2016 01:44:54 - [Page.verifyComponent]: Component Search: OK!
4 nov 2016 01:44:54 - [Page.verifyComponent]: Component Login: FAIL!
4 nov 2016 01:44:54 - [Page.verifyComponent]: Component Register: FAIL!
4 nov 2016 01:44:54 - [Page.verifyComponent]: Component Cart: OK!
4 nov 2016 01:44:54 - [Page.verifyComponent]: Component Username: OK!
4 nov 2016 01:44:54 - [Page.verifyComponent]: Component Logout: OK!
4 nov 2016 01:44:54 - [Log.screenshot]: Sucess screenshot
4 nov 2016 01:44:55 - [Test.cart]: Open Page: DX Account Login
4 nov 2016 01:44:55 - [Login.signIn]: Open Page, title is: DX Account Login
4 nov 2016 01:44:55 - [Page.verifyComponent]: Verify Page: DX Account Login
4 nov 2016 01:44:55 - [Page.verifyComponent]: Component Email: OK!
4 nov 2016 01:44:55 - [Page.verifyComponent]: Component Password: OK!
4 nov 2016 01:44:55 - [Page.verifyComponent]: Component Sign In: OK!
4 nov 2016 01:44:55 - [Login.signIn]: Login...
4 nov 2016 01:44:55 - [Log.screenshot]: Sucess screenshot
4 nov 2016 01:44:57 - [Log.screenshot]: Sucess screenshot
4 nov 2016 01:44:58 - [Product.openProduct]: Open Product: Xiaomi Mi Band 2 Smart Wristband w/ 0.42" OLED Touch Screen - Black
4 nov 2016 01:44:58 - [Log.screenshot]: Sucess screenshot
4 nov 2016 01:44:58 - [Login.signIn]: Username: jogol@bol.com.br Password: teste123-
4 nov 2016 01:44:58 - [Login.verifyLogin]: Login Success!
4 nov 2016 01:44:58 - [Page.verifyComponent]: Verify Page: DealeXtreme - Cool Gadgets at the Right Price - DX Free Shipping Worldwide
4 nov 2016 01:44:58 - [Page.verifyComponent]: Component Txt Keyword: OK!
4 nov 2016 01:44:58 - [Page.verifyComponent]: Component Search: OK!
4 nov 2016 01:44:58 - [Page.verifyComponent]: Component Login: FAIL!
4 nov 2016 01:44:58 - [Page.verifyComponent]: Component Register: FAIL!
4 nov 2016 01:44:58 - [Log.screenshot]: Sucess screenshot
4 nov 2016 01:44:58 - [Test.cart]: Switch page
4 nov 2016 01:44:58 - [Page.verifyComponent]: Component Cart: OK!
4 nov 2016 01:44:58 - [Page.verifyComponent]: Component Username: OK!
4 nov 2016 01:44:59 - [Test.cart]: Close Page: Xiaomi - Free Shipping - DX
4 nov 2016 01:44:59 - [Page.verifyComponent]: Component Logout: OK!
4 nov 2016 01:44:59 - [Log.screenshot]: Sucess screenshot
4 nov 2016 01:45:03 - [Test.cart]: Open Page: Xiaomi Mi Band 2 Smart Wristband w/ 0.42" OLED Touch Screen - Black - Free Shipping - DealExtreme
4 nov 2016 01:45:04 - [Product.getDescription]: Name Product: Xiaomi Mi Band 2 Smart Wristband w/ 0.42" OLED Touch Screen - Black
4 nov 2016 01:45:04 - [Product.addCart]: Add product to cart
4 nov 2016 01:45:04 - [Log.screenshot]: Sucess screenshot
4 nov 2016 01:45:04 - [Page.verifyComponent]: Verify Page, Component: Xiaomi Mi Band 2 Smart Wristband w/ 0.42" OLED Touch Screen - Black - Free Shipping - DealExtreme
4 nov 2016 01:45:04 - [Page.verifyComponent]: XPATh: .//*[@id='detailAddToCartPanel']/div/div/span Component: Error add product: FAIL!
4 nov 2016 01:45:04 - [Product.getDescription]: Name Product: Xiaomi Mi Band 2 Smart Wristband w/ 0.42" OLED Touch Screen - Black
4 nov 2016 01:45:04 - [Log.screenshot]: Sucess screenshot
4 nov 2016 01:45:04 - [Product.openProduct]: Open Product: Xiaomi Mi Band 2 Smart Wristband w/ 0.42" OLED Touch Screen - Black
4 nov 2016 01:45:04 - [Product.getPrice]: Price: 100.15
4 nov 2016 01:45:04 - [Product.getPrice]: Last Price: 178.37
4 nov 2016 01:45:04 - [Product.getPrice]: Price Off: 44%
4 nov 2016 01:45:04 - [Product.getPrice]: More $0.26280212
4 nov 2016 01:45:04 - [Log.screenshot]: Sucess screenshot
4 nov 2016 01:45:05 - [Log.screenshot]: Sucess screenshot
4 nov 2016 01:45:05 - [Log.screenshot]: Sucess screenshot
4 nov 2016 01:45:05 - [Test.cart]: Switch page
4 nov 2016 01:45:05 - [Test.cart]: Close Page: Xiaomi - Free Shipping - DX
4 nov 2016 01:45:09 - [Log.screenshot]: Sucess screenshot
4 nov 2016 01:45:09 - [Product.openProduct]: Open Product: Underwater Photography Full Body Case for IPHONE 6 / IPHONE 6S - Black
4 nov 2016 01:45:09 - [Log.screenshot]: Sucess screenshot
4 nov 2016 01:45:10 - [Test.cart]: Open Page: Xiaomi Mi Band 2 Smart Wristband w/ 0.42" OLED Touch Screen - Black - Free Shipping - DealExtreme
4 nov 2016 01:45:10 - [Log.screenshot]: Sucess screenshot
4 nov 2016 01:45:10 - [Test.cart]: Switch page
4 nov 2016 01:45:10 - [Test.cart]: Close Page: Iphone - Free Shipping - DX
4 nov 2016 01:45:10 - [Product.getDescription]: Name Product: Xiaomi Mi Band 2 Smart Wristband w/ 0.42" OLED Touch Screen - Black
4 nov 2016 01:45:10 - [Product.addCart]: Add product to cart
4 nov 2016 01:45:10 - [Log.screenshot]: Sucess screenshot
4 nov 2016 01:45:10 - [Page.verifyComponent]: Verify Page, Component: Xiaomi Mi Band 2 Smart Wristband w/ 0.42" OLED Touch Screen - Black - Free Shipping - DealExtreme
4 nov 2016 01:45:10 - [Page.verifyComponent]: XPATh: .//*[@id='detailAddToCartPanel']/div/div/span Component: Error add product: FAIL!
4 nov 2016 01:45:10 - [Product.getDescription]: Name Product: Xiaomi Mi Band 2 Smart Wristband w/ 0.42" OLED Touch Screen - Black
4 nov 2016 01:45:10 - [Product.getPrice]: Price: 100.15
4 nov 2016 01:45:11 - [Product.getPrice]: Last Price: 178.37
4 nov 2016 01:45:11 - [Product.getPrice]: Price Off: 44%
4 nov 2016 01:45:11 - [Product.getPrice]: More $0.26280212
4 nov 2016 01:45:11 - [Log.screenshot]: Sucess screenshot
4 nov 2016 01:45:13 - [Test.cart]: Open Page: Underwater Photography Full Body Case for IPHONE 6 / IPHONE 6S - Black - Free Shipping - DealExtreme
4 nov 2016 01:45:13 - [Product.getDescription]: Name Product: Underwater Photography Full Body Case for IPHONE 6 / IPHONE 6S - Black
4 nov 2016 01:45:13 - [Product.addCart]: Add product to cart
4 nov 2016 01:45:14 - [Log.screenshot]: Sucess screenshot
4 nov 2016 01:45:14 - [Page.verifyComponent]: Verify Page, Component: Underwater Photography Full Body Case for IPHONE 6 / IPHONE 6S - Black - Free Shipping - DealExtreme
4 nov 2016 01:45:14 - [Page.verifyComponent]: XPATh: .//*[@id='detailAddToCartPanel']/div/div/span Component: Error add product: FAIL!
4 nov 2016 01:45:14 - [Product.getDescription]: Name Product: Underwater Photography Full Body Case for IPHONE 6 / IPHONE 6S - Black
4 nov 2016 01:45:14 - [Product.getPrice]: Price: 77.71
4 nov 2016 01:45:14 - [Product.getPrice]: Last Price: 106.30
4 nov 2016 01:45:14 - [Product.getPrice]: Price Off: 27%
4 nov 2016 01:45:14 - [Product.getPrice]: More $0.11100006
4 nov 2016 01:45:15 - [Log.screenshot]: Sucess screenshot
4 nov 2016 01:45:15 - [Product.openProduct]: Open Product: Underwater Photography Full Body Case for IPHONE 6 / IPHONE 6S - Black
4 nov 2016 01:45:15 - [Log.screenshot]: Sucess screenshot
4 nov 2016 01:45:16 - [Log.screenshot]: Sucess screenshot
4 nov 2016 01:45:16 - [Test.cart]: Switch page
4 nov 2016 01:45:16 - [Test.cart]: Close Page: Iphone - Free Shipping - DX
4 nov 2016 01:45:17 - [Test.cart]: Open Page: Underwater Photography Full Body Case for IPHONE 6 / IPHONE 6S - Black - Free Shipping - DealExtreme
4 nov 2016 01:45:19 - [Product.getDescription]: Name Product: Underwater Photography Full Body Case for IPHONE 6 / IPHONE 6S - Black
4 nov 2016 01:45:19 - [Product.addCart]: Add product to cart
4 nov 2016 01:45:19 - [Log.screenshot]: Sucess screenshot
4 nov 2016 01:45:20 - [Page.verifyComponent]: Verify Page, Component: Underwater Photography Full Body Case for IPHONE 6 / IPHONE 6S - Black - Free Shipping - DealExtreme
4 nov 2016 01:45:20 - [Page.verifyComponent]: XPATh: .//*[@id='detailAddToCartPanel']/div/div/span Component: Error add product: FAIL!
4 nov 2016 01:45:20 - [Product.getDescription]: Name Product: Underwater Photography Full Body Case for IPHONE 6 / IPHONE 6S - Black
4 nov 2016 01:45:20 - [Product.getPrice]: Price: 77.71
4 nov 2016 01:45:20 - [Product.getPrice]: Last Price: 106.30
4 nov 2016 01:45:20 - [Product.getPrice]: Price Off: 27%
4 nov 2016 01:45:20 - [Product.getPrice]: More $0.11100006
4 nov 2016 01:45:23 - [Test.cart]: Open Page: Shopping Cart - DX
4 nov 2016 01:45:23 - [Log.screenshot]: Sucess screenshot
4 nov 2016 01:45:23 - [Page.verifyComponent]: Verify Page: Shopping Cart - DX
4 nov 2016 01:45:23 - [Page.verifyComponent]: Component Continue Shopping: OK!
4 nov 2016 01:45:23 - [Page.verifyComponent]: Component Checkout: OK!
4 nov 2016 01:45:23 - [Page.verifyComponent]: Component PayPal: OK!
4 nov 2016 01:45:23 - [Test.cart]: Cart price total OK. 177.86 = 177.86
4 nov 2016 01:45:23 - [Test.cart]: Runtime48ms
4 nov 2016 01:45:24 - [Test.cart]: Open Page: Shopping Cart - DX
4 nov 2016 01:45:24 - [Test.wishList]: Start Test in Dx.com
4 nov 2016 01:45:24 - [Log.screenshot]: Sucess screenshot
4 nov 2016 01:45:24 - [Page.verifyComponent]: Verify Page: Shopping Cart - DX
4 nov 2016 01:45:24 - [Page.verifyComponent]: Component Continue Shopping: OK!
4 nov 2016 01:45:24 - [Page.verifyComponent]: Component Checkout: OK!
4 nov 2016 01:45:24 - [Page.verifyComponent]: Component PayPal: OK!
4 nov 2016 01:45:25 - [Test.cart]: Cart price total OK. 177.86 = 177.86
4 nov 2016 01:45:25 - [Test.cart]: Runtime: 43ms
4 nov 2016 01:45:26 - [Test.wishList]: Start Test in Dx.com
